<?xml version="1.0" encoding="UTF-8"?>
<!-- Generated by org.testng.reporters.JUnitReportReporter -->
<testsuite hostname="DESKTOP-LSFSGRJ" failures="0" tests="1" name="tests.ContactUs_happScenario" time="10.046" errors="0" timestamp="2025-04-25T21:48:10 EEST" skipped="0">
  <testcase classname="tests.ContactUs_happScenario" name="testContactUs_validData" time="10.046"/>
</testsuite> <!-- tests.ContactUs_happScenario -->
