<?xml version="1.0" encoding="UTF-8"?>
<!-- Generated by org.testng.reporters.JUnitReportReporter -->
<testsuite hostname="DESKTOP-LSFSGRJ" failures="0" tests="3" name="tests.LoginTests_happyScenarioAndNegativeScenarioWithDDTAndDataProvider" time="34.922" errors="0" timestamp="2025-05-02T18:41:58 EEST" skipped="0">
  <testcase classname="tests.LoginTests_happyScenarioAndNegativeScenarioWithDDTAndDataProvider" name="testAllLoginScenario" time="9.623"/>
  <testcase classname="tests.LoginTests_happyScenarioAndNegativeScenarioWithDDTAndDataProvider" name="testAllLoginScenario" time="10.934"/>
  <testcase classname="tests.LoginTests_happyScenarioAndNegativeScenarioWithDDTAndDataProvider" name="testAllLoginScenario" time="14.365"/>
</testsuite> <!-- tests.LoginTests_happyScenarioAndNegativeScenarioWithDDTAndDataProvider -->
