<?xml version="1.0" encoding="UTF-8"?>
<!-- Generated by org.testng.reporters.JUnitReportReporter -->
<testsuite hostname="DESKTOP-LSFSGRJ" failures="0" tests="3" name="tests.LoginTests_happyScenarioAndNegativeScenario" time="39.508" errors="0" timestamp="2025-04-27T20:52:34 EEST" skipped="0">
  <testcase classname="tests.LoginTests_happyScenarioAndNegativeScenario" name="testAllLoginScenario" time="11.094"/>
  <testcase classname="tests.LoginTests_happyScenarioAndNegativeScenario" name="testAllLoginScenario" time="16.107"/>
  <testcase classname="tests.LoginTests_happyScenarioAndNegativeScenario" name="testAllLoginScenario" time="12.307"/>
</testsuite> <!-- tests.LoginTests_happyScenarioAndNegativeScenario -->
