<?xml version="1.0" encoding="UTF-8"?>
<!-- Generated by org.testng.reporters.JUnitReportReporter -->
<testsuite hostname="DESKTOP-LSFSGRJ" failures="0" tests="1" name="tests.LoginTests_happyScenarioAndNegativeScenarioWithDDTAndPropertiesFile" time="15.954" errors="0" timestamp="2025-05-02T18:57:51 EEST" skipped="0">
  <testcase classname="tests.LoginTests_happyScenarioAndNegativeScenarioWithDDTAndPropertiesFile" name="testAllLoginScenario" time="15.954"/>
</testsuite> <!-- tests.LoginTests_happyScenarioAndNegativeScenarioWithDDTAndPropertiesFile -->
