<?xml version="1.0" encoding="UTF-8"?>
<!-- Generated by org.testng.reporters.JUnitReportReporter -->
<testsuite hostname="NONZ" failures="0" tests="1" name="tests.Login_happyScenario" time="16.576" errors="0" timestamp="2025-05-07T20:50:46 EEST" skipped="0">
  <testcase classname="tests.Login_happyScenario" name="correntUsernameAndPassword" time="16.576"/>
</testsuite> <!-- tests.Login_happyScenario -->
