<?xml version="1.0" encoding="UTF-8"?>
<!-- Generated by org.testng.reporters.JUnitReportReporter -->
<testsuite hostname="NONZ" failures="0" tests="1" name="tests.ContactUs_happScenario" time="0.216" errors="0" timestamp="2025-05-07T22:09:54 EEST" skipped="0">
  <testcase classname="tests.ContactUs_happScenario" name="testFrames" time="0.216"/>
</testsuite> <!-- tests.ContactUs_happScenario -->
