<?xml version="1.0" encoding="UTF-8"?>
<!-- Generated by org.testng.reporters.JUnitReportReporter -->
<testsuite hostname="NONZ" failures="0" tests="1" name="tests.TestCase24_downloadInvoiceAfterPurchaseOrder" time="58.984" errors="0" timestamp="2025-05-10T21:53:29 EEST" skipped="0">
  <testcase classname="tests.TestCase24_downloadInvoiceAfterPurchaseOrder" name="f" time="58.984"/>
</testsuite> <!-- tests.TestCase24_downloadInvoiceAfterPurchaseOrder -->
