<?xml version="1.0" encoding="UTF-8"?>
<!-- Generated by org.testng.reporters.JUnitReportReporter -->
<testsuite hostname="Islam-Hamdy" failures="0" tests="1" name="tests.TestCase8_VerifyAllProductsandproductdetailpage" time="٩.٦٦٢" errors="0" timestamp="٢٠٢٥-٠٥-٠٩T١١:٠٧:٠٣ EEST" skipped="0">
  <testcase classname="tests.TestCase8_VerifyAllProductsandproductdetailpage" name="VerificationOfProductsPage" time="٩.٦٦٢"/>
</testsuite> <!-- tests.TestCase8_VerifyAllProductsandproductdetailpage -->
