<?xml version="1.0" encoding="UTF-8"?>
<!-- Generated by org.testng.reporters.JUnitReportReporter -->
<testsuite hostname="NONZ" failures="0" tests="1" name="tests.TestCase23_VerifyAddressDetailsincheckoutpage" time="24.357" errors="0" timestamp="2025-05-11T02:15:03 EEST" skipped="0">
  <testcase classname="tests.TestCase23_VerifyAddressDetailsincheckoutpage" name="SignUp" time="24.357"/>
</testsuite> <!-- tests.TestCase23_VerifyAddressDetailsincheckoutpage -->
