<?xml version="1.0" encoding="UTF-8"?>
<!-- Generated by org.testng.reporters.JUnitReportReporter -->
<testsuite hostname="DESKTOP-LSFSGRJ" failures="0" tests="1" name="tests.Login_negativeScenario" time="8.867" errors="0" timestamp="2025-04-25T21:03:32 EEST" skipped="0">
  <testcase classname="tests.Login_negativeScenario" name="inCorrentUsernameAndPassword" time="8.867"/>
</testsuite> <!-- tests.Login_negativeScenario -->
