<?xml version="1.0" encoding="UTF-8"?>
<!-- Generated by org.testng.reporters.JUnitReportReporter -->
<testsuite hostname="Islam-Hamdy" failures="0" tests="1" name="tests.TestCase14_PlaceOrderRegisterwhileCheckout" time="١١٦.٤٤٨" errors="0" timestamp="٢٠٢٥-٠٥-١٠T٠١:٤٠:١٠ EEST" skipped="0">
  <testcase classname="tests.TestCase14_PlaceOrderRegisterwhileCheckout" name="TestCase14" time="١١٦.٤٤٨"/>
</testsuite> <!-- tests.TestCase14_PlaceOrderRegisterwhileCheckout -->
