<?xml version="1.0" encoding="UTF-8"?>
<!-- Generated by org.testng.reporters.JUnitReportReporter -->
<testsuite hostname="DESKTOP-LSFSGRJ" failures="0" tests="1" name="tests.testRegister_negativeScenario" time="19.800" errors="0" timestamp="2025-04-25T19:56:46 EEST" skipped="0">
  <testcase classname="tests.testRegister_negativeScenario" name="tetRegister_ExistEmail" time="19.800"/>
</testsuite> <!-- tests.testRegister_negativeScenario -->
