<?xml version="1.0" encoding="UTF-8"?>
<!-- Generated by org.testng.reporters.JUnitReportReporter -->
<testsuite hostname="NONZ" failures="0" tests="1" name="tests.TestCase7_VerifyTestCases" time="4.158" errors="0" timestamp="2025-05-10T21:51:59 EEST" skipped="0">
  <testcase classname="tests.TestCase7_VerifyTestCases" name="f" time="4.158"/>
</testsuite> <!-- tests.TestCase7_VerifyTestCases -->
