<?xml version="1.0" encoding="UTF-8"?>
<!-- Generated by org.testng.reporters.JUnitReportReporter -->
<testsuite hostname="NONZ" failures="0" tests="1" name="tests.TestCase18_ViewCategoryProducts" time="8.867" errors="0" timestamp="2025-05-11T02:12:53 EEST" skipped="0">
  <testcase classname="tests.TestCase18_ViewCategoryProducts" name="f" time="8.867"/>
</testsuite> <!-- tests.TestCase18_ViewCategoryProducts -->
