<?xml version="1.0" encoding="UTF-8"?>
<!-- Generated by org.testng.reporters.JUnitReportReporter -->
<testsuite hostname="DESKTOP-LSFSGRJ" failures="0" tests="1" name="Autoamtion_Project.Automation_Excericse.Register_HappyScenario" time="21.467" errors="0" timestamp="2025-04-17T20:35:30 EET" skipped="0">
  <testcase classname="Autoamtion_Project.Automation_Excericse.Register_HappyScenario" name="tetRegister_NewUserName_MandatoryAndOptional" time="21.467"/>
</testsuite> <!-- Autoamtion_Project.Automation_Excericse.Register_HappyScenario -->
