<?xml version="1.0" encoding="UTF-8"?>
<!-- Generated by org.testng.reporters.JUnitReportReporter -->
<testsuite hostname="DESKTOP-LSFSGRJ" failures="0" tests="1" name="tests.Register_negativeScenario" time="12.868" errors="0" timestamp="2025-04-25T20:06:21 EEST" skipped="0">
  <testcase classname="tests.Register_negativeScenario" name="tetRegister_ExistEmail" time="12.868"/>
</testsuite> <!-- tests.Register_negativeScenario -->
