<?xml version="1.0" encoding="UTF-8"?>
<!-- Generated by org.testng.reporters.JUnitReportReporter -->
<testsuite hostname="NONZ" failures="0" tests="1" name="tests.TestCase17_RemoveProductsFromCart" time="18.761" errors="0" timestamp="2025-05-11T02:12:21 EEST" skipped="0">
  <testcase classname="tests.TestCase17_RemoveProductsFromCart" name="Check_cart" time="18.761"/>
</testsuite> <!-- tests.TestCase17_RemoveProductsFromCart -->
