<?xml version="1.0" encoding="UTF-8"?>
<!-- Generated by org.testng.reporters.JUnitReportReporter -->
<testsuite hostname="NONZ" failures="0" tests="1" name="tests.TestCase08_VerifyAllProductsandproductdetailpage" time="5.104" errors="0" timestamp="2025-05-11T01:47:26 EEST" skipped="0">
  <testcase classname="tests.TestCase08_VerifyAllProductsandproductdetailpage" name="VerificationOfProductsPage" time="5.104"/>
</testsuite> <!-- tests.TestCase08_VerifyAllProductsandproductdetailpage -->
