<?xml version="1.0" encoding="UTF-8"?>
<!-- Generated by org.testng.reporters.JUnitReportReporter -->
<testsuite hostname="NONZ" failures="0" tests="1" name="tests.TestCase07_VerifyTestCases" time="1.557" errors="0" timestamp="2025-05-11T01:47:00 EEST" skipped="0">
  <testcase classname="tests.TestCase07_VerifyTestCases" name="f" time="1.557"/>
</testsuite> <!-- tests.TestCase07_VerifyTestCases -->
