<?xml version="1.0" encoding="UTF-8"?>
<!-- Generated by org.testng.reporters.JUnitReportReporter -->
<testsuite hostname="NONZ" failures="0" tests="1" name="tests.TestCase10_VerifySubscriptionInHome" time="1.495" errors="0" timestamp="2025-05-11T01:47:45 EEST" skipped="0">
  <testcase classname="tests.TestCase10_VerifySubscriptionInHome" name="testcase10" time="1.495"/>
</testsuite> <!-- tests.TestCase10_VerifySubscriptionInHome -->
